{
  "RSpec": {
    "coverage": {
      "/home/gerson/Documents/brails/app/controllers/level_controller.rb": [
        1,
        null
      ],
      "/home/gerson/Documents/brails/app/controllers/application_controller.rb": [
        1,
        null,
        null,
        1,
        null
      ],
      "/home/gerson/Documents/brails/app/controllers/topic_controller.rb": [
        1,
        null
      ],
      "/home/gerson/Documents/brails/app/models/attempt.rb": [
        1,
        1,
        null,
        1,
        null,
        1,
        1,
        null,
        1,
        null,
        null
      ],
      "/home/gerson/Documents/brails/app/models/comment.rb": [
        1,
        1,
        null,
        1,
        null,
        1,
        null,
        1,
        null,
        null
      ],
      "/home/gerson/Documents/brails/app/models/content.rb": [
        1,
        1,
        1,
        null,
        1,
        1,
        1,
        1,
        1,
        null,
        1,
        1,
        1,
        null,
        1,
        1,
        1,
        1,
        1,
        null,
        null
      ],
      "/home/gerson/Documents/brails/app/models/difficulty.rb": [
        1,
        1,
        null,
        1,
        1,
        null,
        1,
        null,
        1,
        null,
        null
      ],
      "/home/gerson/Documents/brails/app/models/feedback.rb": [
        1,
        1,
        null,
        1,
        1,
        1,
        1,
        null,
        1,
        1,
        null
      ],
      "/home/gerson/Documents/brails/app/models/invitation.rb": [
        1,
        1,
        null,
        1,
        1,
        1,
        1,
        1,
        null,
        1,
        null,
        1,
        null
      ],
      "/home/gerson/Documents/brails/app/models/level.rb": [
        1,
        1,
        null,
        1,
        1,
        null,
        1,
        1,
        1,
        null,
        1,
        null,
        null
      ],
      "/home/gerson/Documents/brails/app/models/profile.rb": [
        1,
        1,
        null,
        1,
        1,
        1,
        1,
        1,
        null,
        1,
        1,
        1,
        1,
        null,
        1,
        null,
        null
      ],
      "/home/gerson/Documents/brails/app/models/question.rb": [
        1,
        1,
        null,
        1,
        null,
        1,
        1,
        1,
        1,
        null,
        1,
        1,
        1,
        1,
        null,
        null,
        1,
        85,
        22,
        3,
        null,
        null,
        null,
        null
      ],
      "/home/gerson/Documents/brails/app/models/topic.rb": [
        1,
        1,
        null,
        1,
        1,
        null,
        1,
        1,
        1,
        null,
        1,
        null,
        1,
        1,
        null,
        null
      ]
    },
    "timestamp": 1380712512
  }
}
